<?xml version="1.0" encoding="UTF-8"?>
<!-- Generated by org.testng.reporters.JUnitReportReporter -->
<testsuite hostname="LAPTOP-9H2ESQ8I" failures="0" tests="2" name="testNGfeatures.FailedTestCases" time="0.020" errors="0" timestamp="16 May 2023 03:22:19 GMT" skipped="0">
  <testcase classname="testNGfeatures.FailedTestCases" name="getTestTwo" time="0.004"/>
  <testcase classname="testNGfeatures.FailedTestCases" name="getTestOne" time="0.016"/>
</testsuite> <!-- testNGfeatures.FailedTestCases -->
