<?xml version="1.0" encoding="UTF-8"?>
<!-- Generated by org.testng.reporters.JUnitReportReporter -->
<testsuite hostname="LAPTOP-9H2ESQ8I" failures="0" tests="5" name="testNGfeatures.SameTCRunMultipleTimes" time="0.007" errors="0" timestamp="14 May 2023 22:08:21 GMT" skipped="0">
  <testcase classname="testNGfeatures.SameTCRunMultipleTimes" name="getMethod1" time="0.006"/>
  <testcase classname="testNGfeatures.SameTCRunMultipleTimes" name="getMethod1" time="0.000"/>
  <testcase classname="testNGfeatures.SameTCRunMultipleTimes" name="getMethod1" time="0.000"/>
  <testcase classname="testNGfeatures.SameTCRunMultipleTimes" name="getMethod1" time="0.000"/>
  <testcase classname="testNGfeatures.SameTCRunMultipleTimes" name="getMethod1" time="0.001"/>
</testsuite> <!-- testNGfeatures.SameTCRunMultipleTimes -->
