<?xml version="1.0" encoding="UTF-8"?>
<!-- Generated by org.testng.reporters.JUnitReportReporter -->
<testsuite hostname="LAPTOP-9H2ESQ8I" failures="0" tests="4" name="testNGfeatures.ParallelTesting" time="19.533" errors="0" timestamp="15 May 2023 17:34:45 GMT" skipped="0">
  <testcase classname="testNGfeatures.ParallelTesting" name="regressionTest" time="4.892"/>
  <testcase classname="testNGfeatures.ParallelTesting" name="smokeTest" time="4.880"/>
  <testcase classname="testNGfeatures.ParallelTesting" name="functionalTest" time="4.884"/>
  <testcase classname="testNGfeatures.ParallelTesting" name="sanityTest" time="4.877"/>
</testsuite> <!-- testNGfeatures.ParallelTesting -->
