<?xml version="1.0" encoding="UTF-8"?>
<!-- Generated by org.testng.reporters.JUnitReportReporter -->
<testsuite hostname="LAPTOP-9H2ESQ8I" failures="0" tests="3" name="testNGfeatures.CrossBrowserTesting" time="17.504" errors="0" timestamp="16 May 2023 01:43:44 GMT" skipped="0">
  <testcase classname="testNGfeatures.CrossBrowserTesting" name="testCase" time="4.854"/>
  <testcase classname="testNGfeatures.CrossBrowserTesting" name="testCase" time="7.882"/>
  <testcase classname="testNGfeatures.CrossBrowserTesting" name="testCase" time="4.768"/>
</testsuite> <!-- testNGfeatures.CrossBrowserTesting -->
