<?xml version="1.0" encoding="UTF-8"?>
<!-- Generated by org.testng.reporters.JUnitReportReporter -->
<testsuite hostname="LAPTOP-9H2ESQ8I" failures="0" tests="3" name="testNGfeatures.DependsOnMethod" time="0.008" errors="0" timestamp="14 May 2023 23:42:39 GMT" skipped="0">
  <testcase classname="testNGfeatures.DependsOnMethod" name="getCloseBrowser" time="0.001"/>
  <testcase classname="testNGfeatures.DependsOnMethod" name="getOpenBrowser" time="0.007"/>
  <testcase classname="testNGfeatures.DependsOnMethod" name="getLogIn" time="0.000"/>
</testsuite> <!-- testNGfeatures.DependsOnMethod -->
