<?xml version="1.0" encoding="UTF-8"?>
<!-- Generated by org.testng.reporters.JUnitReportReporter -->
<testsuite hostname="LAPTOP-9H2ESQ8I" failures="0" tests="4" name="testNGfeatures.DataProviderTest" time="14.782" errors="0" timestamp="16 May 2023 04:38:56 GMT" skipped="0">
  <testcase classname="testNGfeatures.DataProviderTest" name="getLogin" time="4.275"/>
  <testcase classname="testNGfeatures.DataProviderTest" name="getLogin" time="3.366"/>
  <testcase classname="testNGfeatures.DataProviderTest" name="getLogin" time="3.691"/>
  <testcase classname="testNGfeatures.DataProviderTest" name="getLogin" time="3.450"/>
</testsuite> <!-- testNGfeatures.DataProviderTest -->
