<?xml version="1.0" encoding="UTF-8"?>
<!-- Generated by org.testng.reporters.JUnitReportReporter -->
<testsuite hostname="LAPTOP-9H2ESQ8I" failures="0" tests="4" name="testNGfeatures.PriorityTest" time="0.006" errors="0" timestamp="14 May 2023 21:51:58 GMT" skipped="0">
  <testcase classname="testNGfeatures.PriorityTest" name="getMethod2" time="0.005"/>
  <testcase classname="testNGfeatures.PriorityTest" name="getMethod1" time="0.000"/>
  <testcase classname="testNGfeatures.PriorityTest" name="getMethod3" time="0.001"/>
  <testcase classname="testNGfeatures.PriorityTest" name="getMethod4" time="0.000"/>
</testsuite> <!-- testNGfeatures.PriorityTest -->
