<?xml version="1.0" encoding="UTF-8"?>
<!-- Generated by org.testng.reporters.JUnitReportReporter -->
<testsuite hostname="LAPTOP-9H2ESQ8I" failures="0" tests="1" name="mango.ny.myrunner.TestRunner" time="7.937" errors="0" timestamp="15 May 2023 23:02:15 GMT" skipped="0">
  <testcase classname="mango.ny.myrunner.TestRunner" name="runScenario" time="7.937"/>
</testsuite> <!-- mango.ny.myrunner.TestRunner -->
