<?xml version="1.0" encoding="UTF-8"?>
<!-- Generated by org.testng.reporters.JUnitReportReporter -->
<testsuite hostname="LAPTOP-9H2ESQ8I" failures="0" tests="1" name="testNGfeatures.BasicAnnotation" time="0.003" errors="0" timestamp="14 May 2023 21:37:27 GMT" skipped="0">
  <testcase classname="testNGfeatures.BasicAnnotation" name="getTest" time="0.003"/>
</testsuite> <!-- testNGfeatures.BasicAnnotation -->
