<?xml version="1.0" encoding="UTF-8"?>
<!-- Generated by org.testng.reporters.JUnitReportReporter -->
<testsuite hostname="LAPTOP-9H2ESQ8I" failures="0" tests="4" name="testNGfeatures.EnabledTrueFalse" time="0.007" errors="0" timestamp="14 May 2023 22:01:36 GMT" skipped="2">
  <testcase classname="testNGfeatures.EnabledTrueFalse" name="getMethod1" time="0.006"/>
  <testcase classname="testNGfeatures.EnabledTrueFalse" name="getMethod4" time="0.001"/>
  <testcase classname="testNGfeatures.EnabledTrueFalse" name="getMethod2">
    <skipped/>
  </testcase> <!-- getMethod2 -->
  <testcase classname="testNGfeatures.EnabledTrueFalse" name="getMethod3">
    <skipped/>
  </testcase> <!-- getMethod3 -->
</testsuite> <!-- testNGfeatures.EnabledTrueFalse -->
